<?xml version="1.0" encoding="UTF-8"?>
<testsuite name="pokemon.PokemonTest" tests="1" skipped="0" failures="0" errors="0" timestamp="2023-03-21T17:14:31" hostname="lonewanderer" time="0.001">
  <properties/>
  <testcase name="Testiranje napadačke vještine, tj. da je upotrijebljena zadata vještina, i da je vraćena očekivana poruka" classname="pokemon.PokemonTest" time="0.001"/>
  <system-out><![CDATA[]]></system-out>
  <system-err><![CDATA[]]></system-err>
</testsuite>
