<?xml version="1.0" encoding="UTF-8"?>
<testsuite name="pokemon.BombTest" tests="1" skipped="0" failures="0" errors="0" timestamp="2023-03-21T17:14:31" hostname="lonewanderer" time="0.001">
  <properties/>
  <testcase name="Testira da li bomba smanjuje HP drugog Pokemona (za 40), i da li se vraća očekivana poruka" classname="pokemon.BombTest" time="0.001"/>
  <system-out><![CDATA[]]></system-out>
  <system-err><![CDATA[]]></system-err>
</testsuite>
