<?xml version="1.0" encoding="UTF-8"?>
<testsuite name="pokemon.domain.moves.SplashTest" tests="1" skipped="0" failures="0" errors="0" timestamp="2023-03-21T17:14:31" hostname="lonewanderer" time="0.002">
  <properties/>
  <testcase name="Testira da li kozmetička Splash vještina vraća očekivanu poruku (bez popratnih učinaka)" classname="pokemon.domain.moves.SplashTest" time="0.002"/>
  <system-out><![CDATA[]]></system-out>
  <system-err><![CDATA[]]></system-err>
</testsuite>
