<?xml version="1.0" encoding="UTF-8"?>
<testsuite name="pokemon.PokemonSpeciesLoaderTest" tests="1" skipped="0" failures="0" errors="0" timestamp="2023-03-21T17:14:31" hostname="lonewanderer" time="0.055">
  <properties/>
  <testcase name="Testiranje pravilnog učitavanja Pokemon vrsta iz testnog HTML dokumenta" classname="pokemon.PokemonSpeciesLoaderTest" time="0.055"/>
  <system-out><![CDATA[]]></system-out>
  <system-err><![CDATA[]]></system-err>
</testsuite>
