<?xml version="1.0" encoding="UTF-8"?>
<testsuite name="pokemon.ItemTest" tests="2" skipped="0" failures="0" errors="0" timestamp="2023-03-21T17:14:31" hostname="lonewanderer" time="0.015">
  <properties/>
  <testcase name="Testira da li korištenje predmeta smanjuje njegovu količinu za 1" classname="pokemon.ItemTest" time="0.013"/>
  <testcase name="Testira da li korištenje predmeta sa quantity 0 dovodi do izbacivanja izuzetka IllegalStateException" classname="pokemon.ItemTest" time="0.001"/>
  <system-out><![CDATA[]]></system-out>
  <system-err><![CDATA[]]></system-err>
</testsuite>
