<?xml version="1.0" encoding="UTF-8"?>
<testsuite name="pokemon.domain.moves.TakeDownTest" tests="1" skipped="0" failures="0" errors="0" timestamp="2023-03-21T17:14:31" hostname="lonewanderer" time="0.001">
  <properties/>
  <testcase name="Testira da li TakeDown vještina (pored smanjenja HP-a drugog Pokemona), izaziva recoil štetu kod Pokemonu koji napada, te da li vraća očekivanu poruku" classname="pokemon.domain.moves.TakeDownTest" time="0.001"/>
  <system-out><![CDATA[]]></system-out>
  <system-err><![CDATA[]]></system-err>
</testsuite>
